# JRE version: OpenJDK Runtime Environment Temurin-17.0.8.1+1 (17.0.8.1+1) (build 17.0.8.1+1)
# Java VM: OpenJDK 64-Bit Server VM Temurin-17.0.8.1+1 (17.0.8.1+1, mixed mode, emulated-client, tiered, compressed oops, compressed class ptrs, g1 gc, windows-amd64)
GC Precious Log:
 CPUs: 4 total, 4 available
 Memory: 3910M
 Large Page Support: Disabled
 NUMA Support: Disabled
 Compressed Oops: Enabled (32-bit)
 Heap Region Size: 1M
 Heap Min Capacity: 8M
 Heap Initial Capacity: 62M
 Heap Max Capacity: 978M
 Pre-touch: Disabled
 Parallel Workers: 4
 Concurrent Workers: 1
 Concurrent Refinement Workers: 4
 Periodic GC: Disabled
Heap:
 garbage-first heap   total 68608K, used 43371K [0x00000000c2e00000, 0x0000000100000000)
  region size 1024K, 17 young (17408K), 1 survivors (1024K)
 Metaspace       used 40414K, committed 40832K, reserved 1114112K
  class space    used 5210K, committed 5440K, reserved 1048576K
GC Heap History (20 events):
Event: 3.732 GC heap before
{Heap before GC invocations=2 (full 0):
 garbage-first heap   total 63488K, used 28845K [0x00000000c2e00000, 0x0000000100000000)
  region size 1024K, 19 young (19456K), 1 survivors (1024K)
 Metaspace       used 17496K, committed 17792K, reserved 1114112K
  class space    used 1914K, committed 2048K, reserved 1048576K
}
Event: 3.737 GC heap after
{Heap after GC invocations=3 (full 0):
 garbage-first heap   total 63488K, used 10157K [0x00000000c2e00000, 0x0000000100000000)
  region size 1024K, 2 young (2048K), 2 survivors (2048K)
 Metaspace       used 17496K, committed 17792K, reserved 1114112K
  class space    used 1914K, committed 2048K, reserved 1048576K
}
Event: 4.486 GC heap before
{Heap before GC invocations=3 (full 0):
 garbage-first heap   total 63488K, used 26541K [0x00000000c2e00000, 0x0000000100000000)
  region size 1024K, 20 young (20480K), 2 survivors (2048K)
 Metaspace       used 21225K, committed 21504K, reserved 1114112K
  class space    used 2487K, committed 2624K, reserved 1048576K
}
Event: 4.491 GC heap after
{Heap after GC invocations=4 (full 0):
 garbage-first heap   total 63488K, used 11448K [0x00000000c2e00000, 0x0000000100000000)
  region size 1024K, 3 young (3072K), 3 survivors (3072K)
 Metaspace       used 21225K, committed 21504K, reserved 1114112K
  class space    used 2487K, committed 2624K, reserved 1048576K
}
Event: 5.695 GC heap before
{Heap before GC invocations=5 (full 0):
 garbage-first heap   total 45056K, used 35000K [0x00000000c2e00000, 0x0000000100000000)
  region size 1024K, 27 young (27648K), 3 survivors (3072K)
 Metaspace       used 25856K, committed 26176K, reserved 1114112K
  class space    used 3187K, committed 3328K, reserved 1048576K
}
Event: 5.702 GC heap after
{Heap after GC invocations=6 (full 0):
 garbage-first heap   total 45056K, used 12774K [0x00000000c2e00000, 0x0000000100000000)
  region size 1024K, 4 young (4096K), 4 survivors (4096K)
 Metaspace       used 25856K, committed 26176K, reserved 1114112K
  class space    used 3187K, committed 3328K, reserved 1048576K
}
Event: 5.724 GC heap before
{Heap before GC invocations=6 (full 0):
 garbage-first heap   total 45056K, used 13798K [0x00000000c2e00000, 0x0000000100000000)
  region size 1024K, 5 young (5120K), 4 survivors (4096K)
 Metaspace       used 26047K, committed 26432K, reserved 1114112K
  class space    used 3203K, committed 3392K, reserved 1048576K
}
Event: 5.729 GC heap after
{Heap after GC invocations=7 (full 0):
 garbage-first heap   total 45056K, used 13134K [0x00000000c2e00000, 0x0000000100000000)
  region size 1024K, 1 young (1024K), 1 survivors (1024K)
 Metaspace       used 26047K, committed 26432K, reserved 1114112K
  class space    used 3203K, committed 3392K, reserved 1048576K
}
Event: 5.960 GC heap before
{Heap before GC invocations=7 (full 0):
 garbage-first heap   total 45056K, used 28494K [0x00000000c2e00000, 0x0000000100000000)
  region size 1024K, 17 young (17408K), 1 survivors (1024K)
 Metaspace       used 29190K, committed 29440K, reserved 1114112K
  class space    used 3548K, committed 3648K, reserved 1048576K
}
Event: 5.963 GC heap after
{Heap after GC invocations=8 (full 0):
 garbage-first heap   total 45056K, used 14114K [0x00000000c2e00000, 0x0000000100000000)
  region size 1024K, 2 young (2048K), 2 survivors (2048K)
 Metaspace       used 29190K, committed 29440K, reserved 1114112K
  class space    used 3548K, committed 3648K, reserved 1048576K
}
Event: 6.300 GC heap before
{Heap before GC invocations=8 (full 0):
 garbage-first heap   total 45056K, used 29474K [0x00000000c2e00000, 0x0000000100000000)
  region size 1024K, 18 young (18432K), 2 survivors (2048K)
 Metaspace       used 30791K, committed 31168K, reserved 1114112K
  class space    used 3810K, committed 3968K, reserved 1048576K
}
Event: 6.304 GC heap after
{Heap after GC invocations=9 (full 0):
 garbage-first heap   total 71680K, used 15351K [0x00000000c2e00000, 0x0000000100000000)
  region size 1024K, 3 young (3072K), 3 survivors (3072K)
 Metaspace       used 30791K, committed 31168K, reserved 1114112K
  class space    used 3810K, committed 3968K, reserved 1048576K
}
Event: 8.158 GC heap before
{Heap before GC invocations=9 (full 0):
 garbage-first heap   total 71680K, used 54263K [0x00000000c2e00000, 0x0000000100000000)
  region size 1024K, 41 young (41984K), 3 survivors (3072K)
 Metaspace       used 34217K, committed 34496K, reserved 1114112K
  class space    used 4345K, committed 4480K, reserved 1048576K
}
Event: 8.166 GC heap after
{Heap after GC invocations=10 (full 0):
 garbage-first heap   total 71680K, used 17635K [0x00000000c2e00000, 0x0000000100000000)
  region size 1024K, 5 young (5120K), 5 survivors (5120K)
 Metaspace       used 34217K, committed 34496K, reserved 1114112K
  class space    used 4345K, committed 4480K, reserved 1048576K
}
Event: 8.493 GC heap before
{Heap before GC invocations=10 (full 0):
 garbage-first heap   total 71680K, used 25827K [0x00000000c2e00000, 0x0000000100000000)
  region size 1024K, 14 young (14336K), 5 survivors (5120K)
 Metaspace       used 35580K, committed 35968K, reserved 1114112K
  class space    used 4545K, committed 4736K, reserved 1048576K
}
Event: 8.503 GC heap after
{Heap after GC invocations=11 (full 0):
 garbage-first heap   total 71680K, used 18675K [0x00000000c2e00000, 0x0000000100000000)
  region size 1024K, 4 young (4096K), 4 survivors (4096K)
 Metaspace       used 35580K, committed 35968K, reserved 1114112K
  class space    used 4545K, committed 4736K, reserved 1048576K
}
Event: 9.384 GC heap before
{Heap before GC invocations=12 (full 0):
 garbage-first heap   total 68608K, used 54515K [0x00000000c2e00000, 0x0000000100000000)
  region size 1024K, 38 young (38912K), 4 survivors (4096K)
 Metaspace       used 40245K, committed 40640K, reserved 1114112K
  class space    used 5194K, committed 5376K, reserved 1048576K
}
Event: 9.394 GC heap after
{Heap after GC invocations=13 (full 0):
 garbage-first heap   total 68608K, used 23877K [0x00000000c2e00000, 0x0000000100000000)
  region size 1024K, 5 young (5120K), 5 survivors (5120K)
 Metaspace       used 40245K, committed 40640K, reserved 1114112K
  class space    used 5194K, committed 5376K, reserved 1048576K
}
Event: 9.397 GC heap before
{Heap before GC invocations=13 (full 0):
 garbage-first heap   total 68608K, used 24901K [0x00000000c2e00000, 0x0000000100000000)
  region size 1024K, 6 young (6144K), 5 survivors (5120K)
 Metaspace       used 40245K, committed 40640K, reserved 1114112K
  class space    used 5194K, committed 5376K, reserved 1048576K
}
Event: 9.404 GC heap after
{Heap after GC invocations=14 (full 0):
 garbage-first heap   total 68608K, used 24939K [0x00000000c2e00000, 0x0000000100000000)
  region size 1024K, 1 young (1024K), 1 survivors (1024K)
 Metaspace       used 40245K, committed 40640K, reserved 1114112K
  class space    used 5194K, committed 5376K, reserved 1048576K
}

